1.9191 kg, Thu  3 Jan 00:15:18 EST 2019
1.9191 kg, Thu  3 Jan 00:15:56 EST 2019
1.9203 kg, Thu  3 Jan 00:42:19 EST 2019
1.9207 kg, Thu  3 Jan 02:40:19 EST 2019
1.9217 kg, Thu  3 Jan 13:32:16 EST 2019
1.9217 kg, Thu  3 Jan 13:47:36 EST 2019
1.9214 kg, Fri  4 Jan 18:58:50 EST 2019
1.9211 kg, Fri  4 Jan 19:28:58 EST 2019
1.9211 kg, Fri  4 Jan 20:20:07 EST 2019
1.9211 kg, Fri  4 Jan 22:18:51 EST 2019
1.9211 kg, Fri  4 Jan 23:35:34 EST 2019
1.9211 kg, Fri  4 Jan 23:36:15 EST 2019
1.9213 kg, Sat  5 Jan 03:07:17 EST 2019
1.9212 kg, Sat  5 Jan 03:12:06 EST 2019
1.9213 kg, Sat  5 Jan 03:14:41 EST 2019
0.3621 kg, Fri_Jan_11_00:26:03_EST_2019
0.3622 kg, Fri_Jan_11_00:28:29_EST_2019
0.3627 kg, Fri_Jan_11_00:37:22_EST_2019
0.3627 kg, Fri_Jan_11_00:39:48_EST_2019
0.3628 kg, Fri_Jan_11_01:07:27_EST_2019
0.1694 kg, Fri_Jan_11_03:46:01_EST_2019
0.1691 kg, Fri_Jan_11_15:17:41_EST_2019
0.1690 kg, Fri_Jan_11_17:34:18_EST_2019
0.1689 kg, Fri_Jan_11_17:40:58_EST_2019
0.1691 kg, Fri_Jan_11_18:54:23_EST_2019
0.1691 kg, Fri_Jan_11_19:46:07_EST_2019
0.1693 kg, Fri_Jan_11_22:31:18_EST_2019
0.1692 kg, Fri_Jan_11_23:36:52_EST_2019
0.0066 kg, Sat_Jan_12_00:19:42_EST_2019
0.0066 kg, Sat_Jan_12_13:08:46_EST_2019
0.0066 kg, Sat_Jan_12_15:51:17_EST_2019
0.0066 kg, Sat_Jan_12_16:53:57_EST_2019
0.0066 kg, Sat_Jan_12_17:03:40_EST_2019
0.0065 kg, Sat_Jan_12_21:54:00_EST_2019
0.0065 kg, Sat_Jan_12_23:04:40_EST_2019
0.0066 kg, Sun_Jan_13_13:12:43_EST_2019
0.0066 kg, Sun_Jan_13_16:01:15_EST_2019
0.0065 kg, Sun_Jan_13_16:05:00_EST_2019
1.5270 kg, Sun_Jan_13_20:30:55_EST_2019
1.5270 kg, Mon_Jan_14_00:35:47_EST_2019
1.5269 kg, Mon_Jan_14_09:27:53_EST_2019
1.5269 kg, Mon_Jan_14_11:41:27_EST_2019
1.5270 kg, Mon_Jan_14_21:43:18_EST_2019
1.5269 kg, Tue_Jan_15_00:15:04_EST_2019
1.5270 kg, Tue_Jan_15_00:17:38_EST_2019
1.5269 kg, Tue_Jan_15_01:45:18_EST_2019
0.0064 kg, Tue_Jan_15_01:50:33_EST_2019
1.5267 kg, Tue_Jan_15_01:52:33_EST_2019
1.5266 kg, Tue_Jan_15_02:50:14_EST_2019
1.5268 kg, Tue_Jan_15_11:00:31_EST_2019
1.5268 kg, Tue_Jan_15_14:26:34_EST_2019
1.5268 kg, Tue_Jan_15_15:26:30_EST_2019
1.5267 kg, Tue_Jan_15_16:41:10_EST_2019
1.5270 kg, Tue_Jan_15_21:51:21_EST_2019
1.5269 kg, Tue_Jan_15_22:18:52_EST_2019
1.5270 kg, Wed_Jan_16_00:17:55_EST_2019
1.5267 kg, Wed_Jan_16_21:17:47_EST_2019
1.5267 kg, Wed_Jan_16_22:07:02_EST_2019
1.5267 kg, Thu_Jan_17_08:03:56_EST_2019
1.5268 kg, Thu_Jan_17_08:25:44_EST_2019
1.5267 kg, Thu_Jan_17_08:37:22_EST_2019
1.5267 kg, Thu_Jan_17_23:23:39_EST_2019
1.5267 kg, Thu_Jan_17_23:49:10_EST_2019
1.5266 kg, Fri_Jan_18_00:38:45_EST_2019
1.5266 kg, Fri_Jan_18_02:08:36_EST_2019
1.2606 kg, Fri_Jan_18_03:53:38_EST_2019
1.2604 kg, Fri_Jan_18_13:51:34_EST_2019
1.2604 kg, Fri_Jan_18_14:30:44_EST_2019
1.2604 kg, Fri_Jan_18_15:00:39_EST_2019
1.2603 kg, Fri_Jan_18_16:05:28_EST_2019
1.2603 kg, Fri_Jan_18_16:25:22_EST_2019
1.2603 kg, Fri_Jan_18_16:45:45_EST_2019
1.2603 kg, Fri_Jan_18_17:15:51_EST_2019
1.2603 kg, Fri_Jan_18_18:36:39_EST_2019
1.2603 kg, Fri_Jan_18_19:07:45_EST_2019
1.2602 kg, Fri_Jan_18_19:41:51_EST_2019
1.2602 kg, Fri_Jan_18_19:44:32_EST_2019
1.2602 kg, Fri_Jan_18_19:55:54_EST_2019
1.2602 kg, Fri_Jan_18_20:15:07_EST_2019
1.2602 kg, Fri_Jan_18_20:40:42_EST_2019
1.2604 kg, Fri_Jan_18_22:57:24_EST_2019
1.2604 kg, Fri_Jan_18_23:22:56_EST_2019
1.2604 kg, Fri_Jan_18_23:54:56_EST_2019
1.2604 kg, Sat_Jan_19_11:27:08_EST_2019
1.2604 kg, Sat_Jan_19_12:45:10_EST_2019
1.2601 kg, Sun_Jan_20_00:08:10_EST_2019
1.0067 kg, Sun_Jan_20_00:12:13_EST_2019
1.0068 kg, Sun_Jan_20_01:24:58_EST_2019
1.0068 kg, Sun_Jan_20_12:43:32_EST_2019
1.0069 kg, Sun_Jan_20_15:08:04_EST_2019
1.0069 kg, Sun_Jan_20_15:45:54_EST_2019
1.0069 kg, Sun_Jan_20_18:29:45_EST_2019
1.0069 kg, Sun_Jan_20_18:34:54_EST_2019
1.0069 kg, Sun_Jan_20_18:38:05_EST_2019
1.0070 kg, Sun_Jan_20_18:40:32_EST_2019
1.0070 kg, Sun_Jan_20_18:43:10_EST_2019
1.0068 kg, Sun_Jan_20_19:02:53_EST_2019
1.0068 kg, Sun_Jan_20_19:24:19_EST_2019
1.0067 kg, Sun_Jan_20_19:28:20_EST_2019
1.0069 kg, Sun_Jan_20_19:46:06_EST_2019
0.7184 kg, Sun_Jan_20_19:58:48_EST_2019
0.7186 kg, Sun_Jan_20_22:52:51_EST_2019
0.7187 kg, Sun_Jan_20_23:02:44_EST_2019
0.7187 kg, Sun_Jan_20_23:53:04_EST_2019
0.7188 kg, Mon_Jan_21_10:37:25_EST_2019
0.7187 kg, Mon_Jan_21_21:11:08_EST_2019
0.7186 kg, Mon_Jan_21_22:00:32_EST_2019
0.7186 kg, Mon_Jan_21_22:47:38_EST_2019
0.7186 kg, Tue_Jan_22_00:30:53_EST_2019
0.7185 kg, Tue_Jan_22_00:38:54_EST_2019
0.7186 kg, Tue_Jan_22_11:10:08_EST_2019
0.7186 kg, Tue_Jan_22_11:18:58_EST_2019
0.7185 kg, Tue_Jan_22_11:33:03_EST_2019
0.7253 kg, Tue_Jan_22_13:51:16_EST_2019
0.7242 kg, Tue_Jan_22_14:01:26_EST_2019
0.7237 kg, Tue_Jan_22_14:11:01_EST_2019
0.7234 kg, Tue_Jan_22_17:36:04_EST_2019
0.7247 kg, Tue_Jan_22_22:12:05_EST_2019
0.7188 kg, Thu_Jan_24_20:24:59_EST_2019
0.7188 kg, Fri_Jan_25_00:59:29_EST_2019
0.7188 kg, Fri_Jan_25_01:12:17_EST_2019
0.7188 kg, Fri_Jan_25_10:46:22_EST_2019
0.7189 kg, Fri_Jan_25_10:49:43_EST_2019
0.7188 kg, Fri_Jan_25_20:09:04_EST_2019
0.7186 kg, Fri_Jan_25_21:18:04_EST_2019
0.7186 kg, Fri_Jan_25_23:10:32_EST_2019
0.7186 kg, Sat_Jan_26_00:38:09_EST_2019
0.7186 kg, Sat_Jan_26_00:41:50_EST_2019
0.7186 kg, Sat_Jan_26_11:08:31_EST_2019
0.7187 kg, Sat_Jan_26_11:39:33_EST_2019
0.7186 kg, Sat_Jan_26_11:45:31_EST_2019
0.7185 kg, Sat_Jan_26_11:49:48_EST_2019
0.7186 kg, Sat_Jan_26_12:05:14_EST_2019
0.7184 kg, Sat_Jan_26_14:09:22_EST_2019
0.7188 kg, Sat_Jan_26_20:28:59_EST_2019
0.7188 kg, Sat_Jan_26_21:15:21_EST_2019
0.7188 kg, Sun_Jan_27_00:16:36_EST_2019
0.7188 kg, Sun_Jan_27_00:25:05_EST_2019
0.7187 kg, Sun_Jan_27_12:41:22_EST_2019
0.7186 kg, Sun_Jan_27_12:43:42_EST_2019
0.7185 kg, Sun_Jan_27_16:22:40_EST_2019
0.7186 kg, Sun_Jan_27_17:41:30_EST_2019
0.7186 kg, Sun_Jan_27_18:18:38_EST_2019
0.7190 kg, Sun_Jan_27_19:18:53_EST_2019
0.0065 kg, Sun_Jan_27_19:21:19_EST_2019
0.0064 kg, Sun_Jan_27_19:48:19_EST_2019
0.0062 kg, Sun_Jan_27_20:59:19_EST_2019
0.0063 kg, Sun_Jan_27_21:04:45_EST_2019
0.0064 kg, Sun_Jan_27_22:16:31_EST_2019
0.0065 kg, Mon_Jan_28_08:54:09_EST_2019
0.0064 kg, Mon_Jan_28_19:20:28_EST_2019
0.0063 kg, Mon_Jan_28_19:44:26_EST_2019
0.0063 kg, Wed_Jan_30_21:24:31_EST_2019
0.0064 kg, Wed_Jan_30_21:39:58_EST_2019
0.0064 kg, Thu_Jan_31_02:00:10_EST_2019
0.0064 kg, Thu_Jan_31_08:48:41_EST_2019
0.0064 kg, Thu_Jan_31_08:57:42_EST_2019
0.0066 kg, Thu_Jan_31_18:43:30_EST_2019
0.0065 kg, Thu_Jan_31_20:05:22_EST_2019
0.0064 kg, Thu_Jan_31_20:21:54_EST_2019
0.0063 kg, Thu_Jan_31_21:41:03_EST_2019
0.0065 kg, Fri_Feb__1_08:42:50_EST_2019
0.0065 kg, Fri_Feb__1_08:50:36_EST_2019
0.0065 kg, Fri_Feb__1_20:51:35_EST_2019
0.0065 kg, Fri_Feb__1_23:32:04_EST_2019
0.0065 kg, Sat_Feb__2_00:02:44_EST_2019
0.0065 kg, Sat_Feb__2_13:46:31_EST_2019
0.0065 kg, Sat_Feb__2_14:42:34_EST_2019
0.0065 kg, Sat_Feb__2_14:50:18_EST_2019
0.0065 kg, Sat_Feb__2_14:59:43_EST_2019
0.0064 kg, Sat_Feb__2_16:36:04_EST_2019
0.0065 kg, Sat_Feb__2_18:20:36_EST_2019
0.0065 kg, Sat_Feb__2_18:27:28_EST_2019
0.0065 kg, Sat_Feb__2_19:05:20_EST_2019
0.0067 kg, Sat_Feb__2_21:05:57_EST_2019
0.0065 kg, Sat_Feb__2_21:10:04_EST_2019
0.0064 kg, Sat_Feb__2_21:37:35_EST_2019
0.0066 kg, Sun_Feb__3_08:13:45_EST_2019
0.0065 kg, Sun_Feb__3_11:17:15_EST_2019
0.0065 kg, Sun_Feb__3_12:49:01_EST_2019
0.0065 kg, Sun_Feb__3_23:36:50_EST_2019
0.0065 kg, Mon_Feb__4_01:56:03_EST_2019
0.0065 kg, Mon_Feb__4_10:01:15_EST_2019
0.0065 kg, Tue_Feb__5_00:17:17_EST_2019
0.0064 kg, Tue_Feb__5_01:04:58_EST_2019
0.0066 kg, Tue_Feb__5_10:39:19_EST_2019
0.0064 kg, Tue_Feb__5_21:26:04_EST_2019
0.0078 kg, Tue_Feb__5_21:57:12_EST_2019
0.0078 kg, Tue_Feb__5_22:17:12_EST_2019
0.0077 kg, Tue_Feb__5_22:58:38_EST_2019
0.0080 kg, Wed_Feb__6_01:46:18_EST_2019
0.0079 kg, Wed_Feb__6_10:01:39_EST_2019
0.0079 kg, Wed_Feb__6_12:23:39_EST_2019
0.0079 kg, Wed_Feb__6_12:39:42_EST_2019
0.0080 kg, Wed_Feb__6_18:46:27_EST_2019
0.0080 kg, Wed_Feb__6_21:19:22_EST_2019
0.0079 kg, Wed_Feb__6_21:52:35_EST_2019
0.0077 kg, Wed_Feb__6_22:56:52_EST_2019
0.0078 kg, Wed_Feb__6_23:52:50_EST_2019
0.0079 kg, Thu_Feb__7_01:14:41_EST_2019
2.0127 kg, Thu_Feb__7_16:50:59_EST_2019
1.3495 kg, Thu_Feb__7_16:56:27_EST_2019
1.1302 kg, Thu_Feb__7_20:35:29_EST_2019
0.7372 kg, Thu_Feb__7_20:43:03_EST_2019
0.4255 kg, Thu_Feb__7_22:42:13_EST_2019
0.4255 kg, Fri_Feb__8_00:10:22_EST_2019
0.1825 kg, Fri_Feb__8_16:56:49_EST_2019
0.1824 kg, Fri_Feb__8_22:34:49_EST_2019
0.0072 kg, Sat_Feb__9_00:46:13_EST_2019
0.0072 kg, Sat_Feb__9_02:09:52_EST_2019
1.4155 kg, Sun_Feb_10_01:25:06_EST_2019
1.4155 kg, Sun_Feb_10_11:07:13_EST_2019
1.4155 kg, Sun_Feb_10_19:51:35_EST_2019
1.4155 kg, Sun_Feb_10_20:14:13_EST_2019
1.1791 kg, Sun_Feb_10_21:30:59_EST_2019
1.1791 kg, Mon_Feb_11_23:24:00_EST_2019
1.1791 kg, Mon_Feb_11_23:51:54_EST_2019
0.8992 kg, Tue_Feb_12_13:13:58_EST_2019
0.8992 kg, Tue_Feb_12_15:34:43_EST_2019
0.8992 kg, Tue_Feb_12_15:37:00_EST_2019
0.8991 kg, Tue_Feb_12_17:29:31_EST_2019
0.8991 kg, Tue_Feb_12_17:34:16_EST_2019
0.8992 kg, Tue_Feb_12_17:40:40_EST_2019
0.8992 kg, Tue_Feb_12_18:47:58_EST_2019
0.8991 kg, Tue_Feb_12_18:55:03_EST_2019
0.8992 kg, Tue_Feb_12_22:38:33_EST_2019
0.8992 kg, Tue_Feb_12_22:57:21_EST_2019
0.8991 kg, Tue_Feb_12_23:12:42_EST_2019
0.8991 kg, Tue_Feb_12_23:34:47_EST_2019
0.8993 kg, Wed_Feb_13_10:47:21_EST_2019
0.8992 kg, Wed_Feb_13_22:08:53_EST_2019
0.8991 kg, Thu_Feb_14_00:17:52_EST_2019
0.3636 kg, Thu_Feb_14_22:29:38_EST_2019
0.3636 kg, Thu_Feb_14_23:51:05_EST_2019
0.3634 kg, Fri_Feb_15_02:00:40_EST_2019
0.3635 kg, Fri_Feb_15_11:54:22_EST_2019
0.3635 kg, Fri_Feb_15_22:35:14_EST_2019
0.3634 kg, Sat_Feb_16_07:25:20_EST_2019
0.3634 kg, Sat_Feb_16_12:06:13_EST_2019
0.3634 kg, Sat_Feb_16_13:12:40_EST_2019
1.6505 kg, Sat_Feb_16_13:24:22_EST_2019
1.6505 kg, Sat_Feb_16_13:28:26_EST_2019
1.1717 kg, Sat_Feb_16_13:39:39_EST_2019
1.1718 kg, Sun_Feb_17_00:17:13_EST_2019
1.1718 kg, Sun_Feb_17_11:22:20_EST_2019
1.1717 kg, Sun_Feb_17_23:47:52_EST_2019
1.1717 kg, Mon_Feb_18_13:25:45_EST_2019
1.1717 kg, Mon_Feb_18_14:56:56_EST_2019
1.1717 kg, Mon_Feb_18_14:59:21_EST_2019
0.9402 kg, Mon_Feb_18_15:54:55_EST_2019
0.9403 kg, Tue_Feb_19_12:33:52_EST_2019
0.9402 kg, Wed_Feb_20_02:19:34_EST_2019
0.9401 kg, Wed_Feb_20_10:27:31_EST_2019
0.9401 kg, Wed_Feb_20_11:42:07_EST_2019
0.9402 kg, Wed_Feb_20_21:51:36_EST_2019
0.9401 kg, Wed_Feb_20_22:50:29_EST_2019
0.9400 kg, Wed_Feb_20_23:12:57_EST_2019
0.9401 kg, Thu_Feb_21_11:37:50_EST_2019
0.3386 kg, Thu_Feb_21_11:57:30_EST_2019
0.0072 kg, Thu_Feb_21_17:32:58_EST_2019
0.0073 kg, Thu_Feb_21_19:06:26_EST_2019
0.0073 kg, Thu_Feb_21_22:00:02_EST_2019
0.0073 kg, Thu_Feb_21_22:40:03_EST_2019
2.6049 kg, Thu_Feb_21_23:49:44_EST_2019
2.2773 kg, Fri_Feb_22_00:16:02_EST_2019
2.2772 kg, Fri_Feb_22_01:01:51_EST_2019
2.2770 kg, Fri_Feb_22_10:35:37_EST_2019
1.9812 kg, Fri_Feb_22_17:43:16_EST_2019
1.9812 kg, Fri_Feb_22_18:17:44_EST_2019
1.9810 kg, Fri_Feb_22_18:57:41_EST_2019
1.7103 kg, Fri_Feb_22_20:06:08_EST_2019
1.3674 kg, Fri_Feb_22_20:23:55_EST_2019
1.3674 kg, Fri_Feb_22_22:07:03_EST_2019
1.0786 kg, Fri_Feb_22_23:45:58_EST_2019
0.8242 kg, Sat_Feb_23_01:17:18_EST_2019
0.5889 kg, Sat_Feb_23_12:03:34_EST_2019
0.5888 kg, Sat_Feb_23_13:38:39_EST_2019
0.5886 kg, Sat_Feb_23_14:52:17_EST_2019
0.5887 kg, Sat_Feb_23_16:08:43_EST_2019
0.5887 kg, Sat_Feb_23_17:48:28_EST_2019
0.5887 kg, Sun_Feb_24_00:50:49_EST_2019
0.3853 kg, Sun_Feb_24_02:22:02_EST_2019
0.0072 kg, Sun_Feb_24_03:39:21_EST_2019
0.0073 kg, Sun_Feb_24_12:43:29_EST_2019
0.0072 kg, Sun_Feb_24_21:53:54_EST_2019
0.0072 kg, Mon_Feb_25_10:48:02_EST_2019
0.0073 kg, Mon_Feb_25_12:01:55_EST_2019
0.0072 kg, Mon_Feb_25_21:45:08_EST_2019
0.0070 kg, Mon_Feb_25_23:03:03_EST_2019
0.0071 kg, Tue_Feb_26_00:43:47_EST_2019
0.0072 kg, Tue_Feb_26_09:07:36_EST_2019
0.0073 kg, Tue_Feb_26_19:40:19_EST_2019
0.0072 kg, Tue_Feb_26_20:56:19_EST_2019
0.0073 kg, Wed_Feb_27_08:41:37_EST_2019
0.0072 kg, Wed_Feb_27_09:11:24_EST_2019
0.0073 kg, Wed_Feb_27_23:29:20_EST_2019
0.0072 kg, Thu_Feb_28_09:17:50_EST_2019
0.0073 kg, Thu_Feb_28_09:36:21_EST_2019
0.0072 kg, Thu_Feb_28_14:27:20_EST_2019
2.8812 kg, Thu_Feb_28_18:54:08_EST_2019
2.8815 kg, Thu_Feb_28_19:05:32_EST_2019
2.8815 kg, Thu_Feb_28_20:14:28_EST_2019
2.8816 kg, Thu_Feb_28_21:04:27_EST_2019
2.8816 kg, Thu_Feb_28_22:25:28_EST_2019
0.0079 kg, Thu_Feb_28_22:40:52_EST_2019
2.6367 kg, Thu_Feb_28_22:42:54_EST_2019
2.1435 kg, Thu_Feb_28_23:06:42_EST_2019
2.1437 kg, Fri_Mar__1_08:43:34_EST_2019
2.1437 kg, Fri_Mar__1_13:08:22_EST_2019
2.1436 kg, Fri_Mar__1_15:23:13_EST_2019
2.1435 kg, Fri_Mar__1_22:38:44_EST_2019
1.8831 kg, Fri_Mar__1_23:29:27_EST_2019
1.5274 kg, Sat_Mar__2_09:40:52_EST_2019
1.5274 kg, Sat_Mar__2_14:12:40_EST_2019
1.5273 kg, Sat_Mar__2_18:10:17_EST_2019
1.5273 kg, Sat_Mar__2_20:20:40_EST_2019
1.5273 kg, Sat_Mar__2_20:26:22_EST_2019
1.2491 kg, Sat_Mar__2_20:34:51_EST_2019
1.2492 kg, Sat_Mar__2_20:37:08_EST_2019
1.2491 kg, Sat_Mar__2_20:41:28_EST_2019
1.2492 kg, Sun_Mar__3_00:26:06_EST_2019
1.2492 kg, Sun_Mar__3_10:16:32_EST_2019
1.2491 kg, Sun_Mar__3_10:20:03_EST_2019
1.2491 kg, Sun_Mar__3_10:26:38_EST_2019
1.2490 kg, Sun_Mar__3_10:49:38_EST_2019
1.2490 kg, Sun_Mar__3_11:48:09_EST_2019
1.2490 kg, Sun_Mar__3_14:19:39_EST_2019
1.2491 kg, Sun_Mar__3_14:31:50_EST_2019
1.2491 kg, Sun_Mar__3_16:25:22_EST_2019
1.2491 kg, Sun_Mar__3_17:35:00_EST_2019
1.2491 kg, Sun_Mar__3_17:43:10_EST_2019
1.2491 kg, Sun_Mar__3_17:47:15_EST_2019
1.2491 kg, Sun_Mar__3_17:53:09_EST_2019
1.2491 kg, Sun_Mar__3_17:57:26_EST_2019
0.8470 kg, Sun_Mar__3_18:47:22_EST_2019
0.8472 kg, Sun_Mar__3_21:08:20_EST_2019
0.8473 kg, Sun_Mar__3_23:32:16_EST_2019
0.8474 kg, Mon_Mar__4_10:21:05_EST_2019
0.8472 kg, Mon_Mar__4_12:52:48_EST_2019
0.8468 kg, Tue_Mar__5_10:31:54_EST_2019
0.8469 kg, Tue_Mar__5_14:54:24_EST_2019
0.8470 kg, Tue_Mar__5_21:25:54_EST_2019
0.8470 kg, Tue_Mar__5_21:37:08_EST_2019
0.8469 kg, Wed_Mar__6_10:06:52_EST_2019
0.8469 kg, Wed_Mar__6_23:16:43_EST_2019
0.8468 kg, Thu_Mar__7_14:32:28_EST_2019
0.8468 kg, Thu_Mar__7_14:43:18_EST_2019
0.8469 kg, Thu_Mar__7_19:16:11_EST_2019
0.8469 kg, Thu_Mar__7_21:45:47_EST_2019
0.6331 kg, Thu_Mar__7_23:13:02_EST_2019
0.3630 kg, Fri_Mar__8_00:51:23_EST_2019
0.0076 kg, Fri_Mar__8_01:28:54_EST_2019
0.0078 kg, Fri_Mar__8_09:54:41_EST_2019
0.0078 kg, Fri_Mar__8_15:01:39_EST_2019
0.0078 kg, Fri_Mar__8_17:25:05_EST_2019
0.0078 kg, Fri_Mar__8_20:18:18_EST_2019
0.0078 kg, Fri_Mar__8_21:23:59_EST_2019
0.0077 kg, Sat_Mar__9_00:19:40_EST_2019
0.0078 kg, Sat_Mar__9_08:15:13_EST_2019
0.0077 kg, Sat_Mar__9_09:30:37_EST_2019
0.0078 kg, Sat_Mar__9_21:27:15_EST_2019
0.0077 kg, Sat_Mar__9_21:32:04_EST_2019
2.6524 kg, Sun_Mar_10_00:05:44_EST_2019
2.6526 kg, Sun_Mar_10_15:20:06_EDT_2019
2.4441 kg, Sun_Mar_10_17:03:31_EDT_2019
2.4441 kg, Sun_Mar_10_19:52:59_EDT_2019
2.4442 kg, Sun_Mar_10_19:56:19_EDT_2019
2.4441 kg, Sun_Mar_10_19:58:44_EDT_2019
2.4440 kg, Sun_Mar_10_20:14:32_EDT_2019
2.4441 kg, Sun_Mar_10_20:19:42_EDT_2019
2.2285 kg, Sun_Mar_10_20:24:32_EDT_2019
1.8126 kg, Sun_Mar_10_20:31:23_EDT_2019
1.3967 kg, Sun_Mar_10_20:43:29_EDT_2019
1.3970 kg, Mon_Mar_11_17:13:56_EDT_2019
1.3970 kg, Mon_Mar_11_18:59:35_EDT_2019
1.3969 kg, Mon_Mar_11_19:46:20_EDT_2019
1.3968 kg, Mon_Mar_11_19:53:43_EDT_2019
1.3968 kg, Mon_Mar_11_19:58:51_EDT_2019
1.1772 kg, Mon_Mar_11_20:26:15_EDT_2019
1.1772 kg, Mon_Mar_11_20:28:52_EDT_2019
0.9578 kg, Mon_Mar_11_21:16:52_EDT_2019
0.9576 kg, Mon_Mar_11_22:13:28_EDT_2019
0.9577 kg, Tue_Mar_12_00:19:12_EDT_2019
0.9577 kg, Tue_Mar_12_00:28:36_EDT_2019
0.9576 kg, Tue_Mar_12_00:34:27_EDT_2019
0.5632 kg, Tue_Mar_12_09:48:45_EDT_2019
0.5631 kg, Tue_Mar_12_10:05:18_EDT_2019
0.5630 kg, Tue_Mar_12_10:42:13_EDT_2019
0.5629 kg, Tue_Mar_12_17:15:14_EDT_2019
0.0076 kg, Tue_Mar_12_19:21:59_EDT_2019
1.1230 kg, Wed_Mar_13_21:29:31_EDT_2019
0.8504 kg, Wed_Mar_13_21:44:13_EDT_2019
0.8501 kg, Thu_Mar_14_00:14:47_EDT_2019
0.8502 kg, Thu_Mar_14_00:35:36_EDT_2019
0.8502 kg, Thu_Mar_14_00:39:15_EDT_2019
0.8501 kg, Thu_Mar_14_12:03:35_EDT_2019
0.8501 kg, Thu_Mar_14_12:07:24_EDT_2019
0.8501 kg, Thu_Mar_14_12:50:11_EDT_2019
0.8502 kg, Thu_Mar_14_13:00:25_EDT_2019
0.8501 kg, Thu_Mar_14_14:22:46_EDT_2019
0.8503 kg, Thu_Mar_14_16:31:13_EDT_2019
0.8505 kg, Thu_Mar_14_23:17:16_EDT_2019
0.8505 kg, Thu_Mar_14_23:34:39_EDT_2019
0.8503 kg, Fri_Mar_15_01:56:43_EDT_2019
0.8503 kg, Fri_Mar_15_23:10:51_EDT_2019
0.8502 kg, Sat_Mar_16_00:43:03_EDT_2019
0.5751 kg, Sat_Mar_16_12:36:49_EDT_2019
0.5750 kg, Sat_Mar_16_12:43:36_EDT_2019
0.5749 kg, Sat_Mar_16_20:38:06_EDT_2019
0.5751 kg, Sat_Mar_16_20:50:58_EDT_2019
0.5752 kg, Sun_Mar_17_00:25:00_EDT_2019
0.5751 kg, Sun_Mar_17_00:41:37_EDT_2019
0.3142 kg, Sun_Mar_17_15:24:16_EDT_2019
0.3207 kg, Mon_Mar_18_23:23:39_EDT_2019
0.3172 kg, Tue_Mar_19_00:23:03_EDT_2019
0.3172 kg, Tue_Mar_19_01:20:24_EDT_2019
0.3184 kg, Tue_Mar_19_03:01:49_EDT_2019
0.3177 kg, Tue_Mar_19_03:21:02_EDT_2019
0.3194 kg, Tue_Mar_19_03:28:12_EDT_2019
0.3167 kg, Tue_Mar_19_10:51:00_EDT_2019
0.3184 kg, Tue_Mar_19_11:54:13_EDT_2019
0.3208 kg, Tue_Mar_19_12:54:21_EDT_2019
0.3222 kg, Tue_Mar_19_19:59:02_EDT_2019
0.3245 kg, Wed_Mar_20_22:34:21_EDT_2019
0.3238 kg, Wed_Mar_20_22:49:01_EDT_2019
0.3228 kg, Wed_Mar_20_23:52:08_EDT_2019
0.3204 kg, Wed_Mar_20_23:57:10_EDT_2019
0.3219 kg, Thu_Mar_21_00:01:08_EDT_2019
0.3236 kg, Thu_Mar_21_00:04:12_EDT_2019
0.3250 kg, Thu_Mar_21_00:21:05_EDT_2019
0.3251 kg, Thu_Mar_21_00:26:05_EDT_2019
0.3220 kg, Thu_Mar_21_00:32:44_EDT_2019
0.3189 kg, Thu_Mar_21_10:41:59_EDT_2019
0.3216 kg, Thu_Mar_21_10:51:35_EDT_2019
0.3186 kg, Thu_Mar_21_12:35:06_EDT_2019
0.3158 kg, Thu_Mar_21_15:46:25_EDT_2019
0.3157 kg, Fri_Mar_22_00:17:48_EDT_2019
0.3157 kg, Fri_Mar_22_01:09:28_EDT_2019
0.3158 kg, Fri_Mar_22_21:11:29_EDT_2019
0.3135 kg, Fri_Mar_22_21:50:55_EDT_2019
0.3135 kg, Sat_Mar_23_00:12:33_EDT_2019
0.3135 kg, Sat_Mar_23_00:47:45_EDT_2019
0.3143 kg, Sat_Mar_23_01:17:44_EDT_2019
0.3137 kg, Sat_Mar_23_01:32:51_EDT_2019
0.3137 kg, Sat_Mar_23_19:42:51_EDT_2019
0.3142 kg, Sat_Mar_23_20:15:01_EDT_2019
0.3124 kg, Sat_Mar_23_21:46:20_EDT_2019
0.3129 kg, Sat_Mar_23_22:16:09_EDT_2019
0.3128 kg, Sat_Mar_23_22:20:16_EDT_2019
0.3119 kg, Sun_Mar_24_01:47:58_EDT_2019
0.3135 kg, Thu_Mar_28_08:54:18_EDT_2019
0.3142 kg, Thu_Mar_28_17:50:36_EDT_2019
0.3138 kg, Thu_Mar_28_20:32:35_EDT_2019
0.3115 kg, Thu_Mar_28_21:41:33_EDT_2019
0.3128 kg, Thu_Mar_28_22:24:26_EDT_2019
0.3124 kg, Thu_Mar_28_23:23:55_EDT_2019
0.3127 kg, Fri_Mar_29_00:52:11_EDT_2019
0.3122 kg, Fri_Mar_29_01:53:41_EDT_2019
0.3135 kg, Fri_Mar_29_11:42:29_EDT_2019
0.3128 kg, Fri_Mar_29_19:03:53_EDT_2019
0.3132 kg, Fri_Mar_29_21:35:08_EDT_2019
0.3135 kg, Fri_Mar_29_23:50:42_EDT_2019
0.3137 kg, Sat_Mar_30_11:09:47_EDT_2019
0.3140 kg, Sat_Mar_30_14:37:12_EDT_2019
0.3132 kg, Sat_Mar_30_17:29:24_EDT_2019
0.3133 kg, Sat_Mar_30_17:34:04_EDT_2019
0.3138 kg, Sat_Mar_30_19:47:04_EDT_2019
0.3138 kg, Sat_Mar_30_21:23:56_EDT_2019
0.3137 kg, Sun_Mar_31_21:57:27_EDT_2019
0.3143 kg, Mon_Apr__1_00:24:42_EDT_2019
0.3140 kg, Mon_Apr__1_00:42:48_EDT_2019
0.3136 kg, Mon_Apr__1_08:46:25_EDT_2019
0.3135 kg, Mon_Apr__1_23:22:22_EDT_2019
0.3142 kg, Tue_Apr__2_10:52:27_EDT_2019
0.0065 kg, Tue_Apr__2_14:01:43_EDT_2019
0.5564 kg, Tue_Apr__2_14:08:22_EDT_2019
0.5561 kg, Tue_Apr__2_14:11:27_EDT_2019
0.0141 kg, Tue_Apr__2_14:26:00_EDT_2019
0.0068 kg, Tue_Apr__2_14:20:16_EDT_2019
0.0068 kg, Tue_Apr__2_14:22:11_EDT_2019
0.0068 kg, Tue_Apr__2_14:24:39_EDT_2019
0.0069 kg, Tue_Apr__2_14:27:44_EDT_2019
0.0069 kg, Tue_Apr__2_14:30:45_EDT_2019
0.5803 kg, Tue_Apr__2_15:13:04_EDT_2019
0.4759 kg, Tue_Apr__2_14:37:28_EDT_2019
0.6334 kg, Tue_Apr__2_14:46:41_EDT_2019
0.6318 kg, Tue_Apr__2_14:50:34_EDT_2019
0.6295 kg, Tue_Apr__2_14:54:39_EDT_2019
0.6288 kg, Tue_Apr__2_15:05:13_EDT_2019
0.6269 kg, Tue_Apr__2_15:23:24_EDT_2019
1.3867 kg, Tue_Apr__2_15:30:42_EDT_2019
1.3786 kg, Tue_Apr__2_15:32:09_EDT_2019
1.3417 kg, Tue_Apr__2_15:44:37_EDT_2019
1.3282 kg, Tue_Apr__2_15:48:04_EDT_2019
1.3261 kg, Tue_Apr__2_15:59:09_EDT_2019
1.3072 kg, Tue_Apr__2_16:02:12_EDT_2019
1.2997 kg, Tue_Apr__2_16:03:38_EDT_2019
1.4821 kg, Tue_Apr__2_16:07:20_EDT_2019
1.4706 kg, Tue_Apr__2_16:10:03_EDT_2019
1.4622 kg, Tue_Apr__2_16:12:49_EDT_2019
1.4473 kg, Tue_Apr__2_16:16:09_EDT_2019
0.3862 kg, Tue_Apr__2_16:23:06_EDT_2019
2.1706 kg, Tue_Apr__2_16:27:01_EDT_2019
1.8089 kg, Tue_Apr__2_16:30:28_EDT_2019
1.4478 kg, Tue_Apr__2_16:33:10_EDT_2019
1.4059 kg, Tue_Apr__2_16:36:16_EDT_2019
1.3231 kg, Tue_Apr__2_17:04:59_EDT_2019
1.6661 kg, Tue_Apr__2_17:28:09_EDT_2019
1.6310 kg, Tue_Apr__2_17:33:35_EDT_2019
1.6346 kg, Tue_Apr__2_17:43:07_EDT_2019
1.5939 kg, Tue_Apr__2_17:57:43_EDT_2019
1.5634 kg, Tue_Apr__2_18:06:32_EDT_2019
1.5425 kg, Tue_Apr__2_18:10:52_EDT_2019
1.5487 kg, Tue_Apr__2_18:13:09_EDT_2019
1.5413 kg, Tue_Apr__2_18:18:44_EDT_2019
1.5421 kg, Tue_Apr__2_18:20:00_EDT_2019
1.5241 kg, Tue_Apr__2_18:34:55_EDT_2019
1.7501 kg, Tue_Apr__2_18:37:49_EDT_2019
1.7273 kg, Tue_Apr__2_18:39:27_EDT_2019
1.7040 kg, Tue_Apr__2_18:41:30_EDT_2019
1.6675 kg, Tue_Apr__2_18:43:53_EDT_2019
1.6970 kg, Tue_Apr__2_18:48:05_EDT_2019
1.2827 kg, Tue_Apr__2_18:57:02_EDT_2019
1.3311 kg, Tue_Apr__2_18:59:56_EDT_2019
1.2784 kg, Tue_Apr__2_19:05:04_EDT_2019
1.2330 kg, Tue_Apr__2_18:20:23_EDT_2019
1.2091 kg, Tue_Apr__2_18:25:34_EDT_2019
1.0865 kg, Tue_Apr__2_18:33:31_EDT_2019
1.6697 kg, Tue_Apr__2_18:37:37_EDT_2019
1.2911 kg, Tue_Apr__2_18:41:45_EDT_2019
1.2630 kg, Tue_Apr__2_18:52:16_EDT_2019
1.6988 kg, Tue_Apr__2_18:58:05_EDT_2019
1.6941 kg, Tue_Apr__2_19:03:03_EDT_2019
